<?xml version="1.0" encoding="UTF-8"?>
<testng-results ignored="0" total="5" passed="5" failed="0" skipped="0">
  <reporter-output>
    <line>
      <![CDATA[Campaign Banner11535 added successfully]]>
    </line>
    <line>
      <![CDATA[Campaign Banner11144 added successfully]]>
    </line>
    <line>
      <![CDATA[Product Macbook Air6068 added successfully]]>
    </line>
    <line>
      <![CDATA[Validation is passed]]>
    </line>
    <line>
      <![CDATA[Contact Smith_338 added successfully]]>
    </line>
  </reporter-output>
  <suite started-at="2025-04-04T20:15:58 IST" name="Suite" finished-at="2025-04-04T20:17:13 IST" duration-ms="74799">
    <groups>
      <group name="Regression">
        <method signature="CreateProduct.addProductTest()[pri:0, instance:ProductTest.CreateProduct@394df057]" name="addProductTest" class="ProductTest.CreateProduct"/>
      </group> <!-- Regression -->
      <group name="System">
        <method signature="createContact.createContactWithCampaignTest()[pri:0, instance:ContactTest.createContact@5aebe890]" name="createContactWithCampaignTest" class="ContactTest.createContact"/>
      </group> <!-- System -->
    </groups>
    <test started-at="2025-04-04T20:15:58 IST" name="Test" finished-at="2025-04-04T20:17:13 IST" duration-ms="74799">
      <class name="Login.LoginTest">
        <test-method is-config="true" signature="beforeClass()[pri:0, instance:Login.LoginTest@4961f6af]" started-at="2025-04-04T20:16:43 IST" name="beforeClass" finished-at="2025-04-04T20:16:44 IST" duration-ms="1628" status="PASS">
          <reporter-output>
          </reporter-output>
        </test-method> <!-- beforeClass -->
        <test-method is-config="true" signature="beforeMethod()[pri:0, instance:Login.LoginTest@4961f6af]" started-at="2025-04-04T20:16:44 IST" name="beforeMethod" finished-at="2025-04-04T20:16:45 IST" duration-ms="1127" status="PASS">
          <reporter-output>
          </reporter-output>
        </test-method> <!-- beforeMethod -->
        <test-method signature="LoginTest1()[pri:0, instance:Login.LoginTest@4961f6af]" started-at="2025-04-04T20:16:45 IST" name="LoginTest1" finished-at="2025-04-04T20:16:47 IST" duration-ms="2165" status="PASS">
          <reporter-output>
            <line>
              <![CDATA[Validation is passed]]>
            </line>
          </reporter-output>
        </test-method> <!-- LoginTest1 -->
        <test-method is-config="true" signature="afterMethod()[pri:0, instance:Login.LoginTest@4961f6af]" started-at="2025-04-04T20:16:47 IST" name="afterMethod" finished-at="2025-04-04T20:16:48 IST" duration-ms="143" status="PASS">
          <reporter-output>
          </reporter-output>
        </test-method> <!-- afterMethod -->
        <test-method is-config="true" signature="afterClass()[pri:0, instance:Login.LoginTest@4961f6af]" started-at="2025-04-04T20:16:48 IST" name="afterClass" finished-at="2025-04-04T20:16:48 IST" duration-ms="376" status="PASS">
          <reporter-output>
          </reporter-output>
        </test-method> <!-- afterClass -->
      </class> <!-- Login.LoginTest -->
      <class name="ProductTest.CreateProduct">
        <test-method is-config="true" signature="beforeClass()[pri:0, instance:ProductTest.CreateProduct@394df057]" started-at="2025-04-04T20:16:32 IST" name="beforeClass" finished-at="2025-04-04T20:16:33 IST" duration-ms="1742" status="PASS">
          <reporter-output>
          </reporter-output>
        </test-method> <!-- beforeClass -->
        <test-method is-config="true" signature="beforeMethod()[pri:0, instance:ProductTest.CreateProduct@394df057]" started-at="2025-04-04T20:16:33 IST" name="beforeMethod" finished-at="2025-04-04T20:16:35 IST" duration-ms="1215" status="PASS">
          <reporter-output>
          </reporter-output>
        </test-method> <!-- beforeMethod -->
        <test-method signature="addProductTest()[pri:0, instance:ProductTest.CreateProduct@394df057]" started-at="2025-04-04T20:16:35 IST" name="addProductTest" finished-at="2025-04-04T20:16:42 IST" duration-ms="7267" status="PASS">
          <reporter-output>
            <line>
              <![CDATA[Product Macbook Air6068 added successfully]]>
            </line>
          </reporter-output>
        </test-method> <!-- addProductTest -->
        <test-method is-config="true" signature="afterMethod()[pri:0, instance:ProductTest.CreateProduct@394df057]" started-at="2025-04-04T20:16:42 IST" name="afterMethod" finished-at="2025-04-04T20:16:42 IST" duration-ms="162" status="PASS">
          <reporter-output>
          </reporter-output>
        </test-method> <!-- afterMethod -->
        <test-method is-config="true" signature="afterClass()[pri:0, instance:ProductTest.CreateProduct@394df057]" started-at="2025-04-04T20:16:42 IST" name="afterClass" finished-at="2025-04-04T20:16:43 IST" duration-ms="413" status="PASS">
          <reporter-output>
          </reporter-output>
        </test-method> <!-- afterClass -->
      </class> <!-- ProductTest.CreateProduct -->
      <class name="CampaignTest.CreateCampaign">
        <test-method is-config="true" signature="beforeSuite()[pri:0, instance:CampaignTest.CreateCampaign@5fbe4146]" started-at="2025-04-04T20:15:57 IST" name="beforeSuite" finished-at="2025-04-04T20:15:58 IST" duration-ms="789" status="PASS">
          <reporter-output>
          </reporter-output>
        </test-method> <!-- beforeSuite -->
        <test-method is-config="true" signature="beforeTest()[pri:0, instance:CampaignTest.CreateCampaign@5fbe4146]" started-at="2025-04-04T20:15:58 IST" name="beforeTest" finished-at="2025-04-04T20:15:58 IST" duration-ms="1" status="PASS">
          <reporter-output>
          </reporter-output>
        </test-method> <!-- beforeTest -->
        <test-method is-config="true" signature="beforeClass()[pri:0, instance:CampaignTest.CreateCampaign@5fbe4146]" started-at="2025-04-04T20:15:58 IST" name="beforeClass" finished-at="2025-04-04T20:16:00 IST" duration-ms="2170" status="PASS">
          <reporter-output>
          </reporter-output>
        </test-method> <!-- beforeClass -->
        <test-method is-config="true" signature="beforeMethod()[pri:0, instance:CampaignTest.CreateCampaign@5fbe4146]" started-at="2025-04-04T20:16:00 IST" name="beforeMethod" finished-at="2025-04-04T20:16:02 IST" duration-ms="1624" status="PASS">
          <reporter-output>
          </reporter-output>
        </test-method> <!-- beforeMethod -->
        <test-method signature="CreateCampaignTest()[pri:0, instance:CampaignTest.CreateCampaign@5fbe4146]" started-at="2025-04-04T20:16:02 IST" name="CreateCampaignTest" finished-at="2025-04-04T20:16:17 IST" duration-ms="14690" status="PASS">
          <reporter-output>
            <line>
              <![CDATA[Campaign Banner11535 added successfully]]>
            </line>
          </reporter-output>
        </test-method> <!-- CreateCampaignTest -->
        <test-method is-config="true" signature="afterMethod()[pri:0, instance:CampaignTest.CreateCampaign@5fbe4146]" started-at="2025-04-04T20:16:17 IST" name="afterMethod" finished-at="2025-04-04T20:16:17 IST" duration-ms="157" status="PASS">
          <reporter-output>
          </reporter-output>
        </test-method> <!-- afterMethod -->
        <test-method is-config="true" signature="beforeMethod()[pri:0, instance:CampaignTest.CreateCampaign@5fbe4146]" started-at="2025-04-04T20:16:17 IST" name="beforeMethod" finished-at="2025-04-04T20:16:18 IST" duration-ms="839" status="PASS">
          <reporter-output>
          </reporter-output>
        </test-method> <!-- beforeMethod -->
        <test-method signature="createCampaignWithDateTest()[pri:0, instance:CampaignTest.CreateCampaign@5fbe4146]" started-at="2025-04-04T20:16:18 IST" name="createCampaignWithDateTest" finished-at="2025-04-04T20:16:31 IST" duration-ms="13411" status="PASS">
          <reporter-output>
            <line>
              <![CDATA[Campaign Banner11144 added successfully]]>
            </line>
          </reporter-output>
        </test-method> <!-- createCampaignWithDateTest -->
        <test-method is-config="true" signature="afterMethod()[pri:0, instance:CampaignTest.CreateCampaign@5fbe4146]" started-at="2025-04-04T20:16:31 IST" name="afterMethod" finished-at="2025-04-04T20:16:31 IST" duration-ms="147" status="PASS">
          <reporter-output>
          </reporter-output>
        </test-method> <!-- afterMethod -->
        <test-method is-config="true" signature="afterClass()[pri:0, instance:CampaignTest.CreateCampaign@5fbe4146]" started-at="2025-04-04T20:16:31 IST" name="afterClass" finished-at="2025-04-04T20:16:32 IST" duration-ms="374" status="PASS">
          <reporter-output>
          </reporter-output>
        </test-method> <!-- afterClass -->
        <test-method is-config="true" signature="afterTest()[pri:0, instance:CampaignTest.CreateCampaign@5fbe4146]" started-at="2025-04-04T20:17:13 IST" name="afterTest" finished-at="2025-04-04T20:17:13 IST" duration-ms="0" status="PASS">
          <reporter-output>
          </reporter-output>
        </test-method> <!-- afterTest -->
        <test-method is-config="true" signature="afterSuite()[pri:0, instance:CampaignTest.CreateCampaign@5fbe4146]" started-at="2025-04-04T20:17:14 IST" name="afterSuite" finished-at="2025-04-04T20:17:14 IST" duration-ms="6" status="PASS">
          <reporter-output>
          </reporter-output>
        </test-method> <!-- afterSuite -->
      </class> <!-- CampaignTest.CreateCampaign -->
      <class name="ContactTest.createContact">
        <test-method is-config="true" signature="beforeClass()[pri:0, instance:ContactTest.createContact@5aebe890]" started-at="2025-04-04T20:16:48 IST" name="beforeClass" finished-at="2025-04-04T20:16:49 IST" duration-ms="1421" status="PASS">
          <reporter-output>
          </reporter-output>
        </test-method> <!-- beforeClass -->
        <test-method is-config="true" signature="beforeMethod()[pri:0, instance:ContactTest.createContact@5aebe890]" started-at="2025-04-04T20:16:49 IST" name="beforeMethod" finished-at="2025-04-04T20:16:51 IST" duration-ms="1236" status="PASS">
          <reporter-output>
          </reporter-output>
        </test-method> <!-- beforeMethod -->
        <test-method signature="createContactWithCampaignTest()[pri:0, instance:ContactTest.createContact@5aebe890]" started-at="2025-04-04T20:16:51 IST" name="createContactWithCampaignTest" finished-at="2025-04-04T20:17:13 IST" duration-ms="21881" status="PASS">
          <reporter-output>
            <line>
              <![CDATA[Contact Smith_338 added successfully]]>
            </line>
          </reporter-output>
        </test-method> <!-- createContactWithCampaignTest -->
        <test-method is-config="true" signature="afterMethod()[pri:0, instance:ContactTest.createContact@5aebe890]" started-at="2025-04-04T20:17:13 IST" name="afterMethod" finished-at="2025-04-04T20:17:13 IST" duration-ms="138" status="PASS">
          <reporter-output>
          </reporter-output>
        </test-method> <!-- afterMethod -->
        <test-method is-config="true" signature="afterClass()[pri:0, instance:ContactTest.createContact@5aebe890]" started-at="2025-04-04T20:17:13 IST" name="afterClass" finished-at="2025-04-04T20:17:13 IST" duration-ms="376" status="PASS">
          <reporter-output>
          </reporter-output>
        </test-method> <!-- afterClass -->
      </class> <!-- ContactTest.createContact -->
    </test> <!-- Test -->
  </suite> <!-- Suite -->
</testng-results>
