<?xml version="1.0" encoding="UTF-8"?>
<!-- Generated by org.testng.reporters.JUnitXMLReporter -->
<testsuite ignored="12" hostname="DESKTOP-NSGQES8" failures="1" tests="10" name="Test" time="89.599" errors="0" timestamp="2025-03-29T20:29:55 IST">
  <testcase classname="CampaignTest.CreateCampaign" name="CreateCampaignTest" time="14.702"/>
  <testcase classname="CampaignTest.CreateCampaign" name="createCampaignWithDateTest" time="13.413"/>
  <testcase classname="ProductTest.CreateProduct" name="CreateProductTest" time="7.152"/>
  <testcase classname="Login.LoginTest" name="LoginTest1" time="2.123">
    <skipped/>
  </testcase> <!-- LoginTest1 -->
  <testcase classname="Login.LoginTest" name="LoginTest1" time="2.048">
    <skipped/>
  </testcase> <!-- LoginTest1 -->
  <testcase classname="Login.LoginTest" name="LoginTest1" time="2.044">
    <skipped/>
  </testcase> <!-- LoginTest1 -->
  <testcase classname="Login.LoginTest" name="LoginTest1" time="2.058">
    <skipped/>
  </testcase> <!-- LoginTest1 -->
  <testcase classname="Login.LoginTest" name="LoginTest1" time="2.045">
    <skipped/>
  </testcase> <!-- LoginTest1 -->
  <testcase classname="Login.LoginTest" name="LoginTest1" time="2.03">
    <failure type="java.lang.AssertionError" message="Validation is failed expected [http://49.249.28.218:8098/dashboar] but found [http://49.249.28.218:8098/dashboard]">
      <![CDATA[java.lang.AssertionError: Validation is failed expected [http://49.249.28.218:8098/dashboar] but found [http://49.249.28.218:8098/dashboard]
at Login.LoginTest.LoginTest1(LoginTest.java:63)
at java.base/java.util.ArrayList.forEach(ArrayList.java:1597)
... Removed 30 stack frames]]>
    </failure>
  </testcase> <!-- LoginTest1 -->
  <testcase classname="ContactTest.createContact" name="createContactWithCampaignTest" time="22.043"/>
  <testcase classname="genericBaseClassUtility.BaseClass" name="@BeforeSuite beforeSuite" time="0.0">
    <ignored/>
  </testcase> <!-- @BeforeSuite beforeSuite -->
  <testcase classname="genericBaseClassUtility.BaseClass" name="@AfterTest afterTest" time="0.0">
    <ignored/>
  </testcase> <!-- @AfterTest afterTest -->
  <testcase classname="genericBaseClassUtility.BaseClass" name="@AfterTest afterTest" time="0.0">
    <ignored/>
  </testcase> <!-- @AfterTest afterTest -->
  <testcase classname="genericBaseClassUtility.BaseClass" name="@AfterSuite afterSuite" time="0.0">
    <ignored/>
  </testcase> <!-- @AfterSuite afterSuite -->
  <testcase classname="genericBaseClassUtility.BaseClass" name="@AfterTest afterTest" time="0.0">
    <ignored/>
  </testcase> <!-- @AfterTest afterTest -->
  <testcase classname="genericBaseClassUtility.BaseClass" name="@BeforeSuite beforeSuite" time="0.0">
    <ignored/>
  </testcase> <!-- @BeforeSuite beforeSuite -->
  <testcase classname="genericBaseClassUtility.BaseClass" name="@BeforeSuite beforeSuite" time="0.0">
    <ignored/>
  </testcase> <!-- @BeforeSuite beforeSuite -->
  <testcase classname="genericBaseClassUtility.BaseClass" name="@AfterSuite afterSuite" time="0.0">
    <ignored/>
  </testcase> <!-- @AfterSuite afterSuite -->
  <testcase classname="genericBaseClassUtility.BaseClass" name="@BeforeTest beforeTest" time="0.0">
    <ignored/>
  </testcase> <!-- @BeforeTest beforeTest -->
  <testcase classname="genericBaseClassUtility.BaseClass" name="@BeforeTest beforeTest" time="0.0">
    <ignored/>
  </testcase> <!-- @BeforeTest beforeTest -->
  <testcase classname="genericBaseClassUtility.BaseClass" name="@AfterSuite afterSuite" time="0.0">
    <ignored/>
  </testcase> <!-- @AfterSuite afterSuite -->
  <testcase classname="genericBaseClassUtility.BaseClass" name="@BeforeTest beforeTest" time="0.0">
    <ignored/>
  </testcase> <!-- @BeforeTest beforeTest -->
</testsuite> <!-- Test -->
