<?xml version="1.0" encoding="UTF-8"?>
<!-- Generated by org.testng.reporters.JUnitXMLReporter -->
<testsuite ignored="0" hostname="DESKTOP-NSGQES8" failures="0" tests="5" name="Test_chrome" time="71.684" errors="0" timestamp="2025-03-21T20:55:43 IST">
  <testcase classname="CampaignTest.CreateCampaign" name="CreateCampaignTest" time="17.852"/>
  <testcase classname="CampaignTest.CreateCampaign" name="createCampaignWithDateTest" time="15.276"/>
  <testcase classname="ProductTest.CreateProduct" name="CreateProductTest" time="15.951"/>
  <testcase classname="Login.LoginTest" name="LoginTest1" time="4.611"/>
  <testcase classname="ContactTest.createContact" name="createContactWithCampaignTest" time="17.916"/>
</testsuite> <!-- Test_chrome -->
